<?xml version="1.0" encoding="utf-8"?><testsuites><testsuite errors="0" failures="0" hostname="alexej-laptop" name="pytest" skipped="0" tests="2" time="0.261" timestamp="2020-06-09T13:29:11.806516"><testcase classname="tests.unit.test_datagym.TestClient" file="tests/unit/test_datagym.py" line="40" name="test_get_projects_success" time="0.187"></testcase><testcase classname="tests.unit.test_datagym.TestClient" file="tests/unit/test_datagym.py" line="49" name="test_request_success" time="0.001"></testcase></testsuite></testsuites>