<?xml version="1.0" encoding="utf-8"?><testsuites><testsuite errors="0" failures="0" hostname="johannes-pc" name="pytest" skipped="0" tests="2" time="0.147" timestamp="2020-04-06T14:13:14.520827"><testcase classname="tests.unit.test_datagym.TestClient" file="tests/unit/test_datagym.py" line="40" name="test_get_projects_success" time="0.009"></testcase><testcase classname="tests.unit.test_datagym.TestClient" file="tests/unit/test_datagym.py" line="49" name="test_request_success" time="0.004"></testcase></testsuite></testsuites>