<?xml version="1.0" encoding="utf-8"?><testsuites><testsuite errors="0" failures="0" hostname="bartusnbl" name="pytest" skipped="0" tests="2" time="0.389" timestamp="2021-05-19T10:35:52.189854"><testcase classname="tests.unit.test_datagym.TestClient" file="tests/unit/test_datagym.py" line="41" name="test_get_projects_success" time="0.198"></testcase><testcase classname="tests.unit.test_datagym.TestClient" file="tests/unit/test_datagym.py" line="50" name="test_request_success" time="0.004"></testcase></testsuite></testsuites>