<?xml version="1.0" encoding="utf-8"?><testsuites><testsuite errors="0" failures="0" hostname="alexej-laptop" name="pytest" skipped="0" tests="2" time="0.281" timestamp="2020-08-26T08:53:47.134264"><testcase classname="tests.unit.test_datagym.TestClient" file="tests/unit/test_datagym.py" line="40" name="test_get_projects_success" time="0.203"></testcase><testcase classname="tests.unit.test_datagym.TestClient" file="tests/unit/test_datagym.py" line="49" name="test_request_success" time="0.001"></testcase></testsuite></testsuites>