<?xml version="1.0" encoding="utf-8"?><testsuites><testsuite errors="0" failures="0" hostname="alexejpnbl" name="pytest" skipped="0" tests="2" time="0.224" timestamp="2021-05-19T11:29:02.832983"><testcase classname="tests.unit.test_datagym.TestClient" file="tests/unit/test_datagym.py" line="41" name="test_get_projects_success" time="0.152"></testcase><testcase classname="tests.unit.test_datagym.TestClient" file="tests/unit/test_datagym.py" line="50" name="test_request_success" time="0.002"></testcase></testsuite></testsuites>