<?xml version="1.0" encoding="utf-8"?><testsuite errors="0" failures="0" name="pytest" skipped="0" tests="2" time="0.063"><testcase classname="tests.unit.test_datagym.TestClient" file="tests/unit/test_datagym.py" line="40" name="test_get_projects_success" time="0.006"></testcase><testcase classname="tests.unit.test_datagym.TestClient" file="tests/unit/test_datagym.py" line="49" name="test_request_success" time="0.002"></testcase></testsuite>